<?xml version="1.0" encoding="UTF-8"?>
<!-- Generated by org.testng.reporters.JUnitReportReporter -->
<testsuite hostname="W1751816" name="com.cerner.idpmmd.rest.Getmethod" tests="1" failures="0" timestamp="2 Feb 2020 08:02:18 GMT" time="4.063" errors="0">
  <testcase name="gefetchMetadata" time="4.063" classname="com.cerner.idpmmd.rest.Getmethod"/>
</testsuite> <!-- com.cerner.idpmmd.rest.Getmethod -->
