<?xml version="1.0" encoding="UTF-8"?>
<!-- Generated by org.testng.reporters.JUnitReportReporter -->
<testsuite hostname="LAPTOP-QDQ1CMMC" failures="0" tests="5" name="DataDriven.BookAFlight" time="113.060" errors="0" timestamp="2 May 2020 13:56:40 GMT">
  <testcase classname="DataDriven.BookAFlight" name="RegistrationData" time="9.129"/>
  <testcase classname="DataDriven.BookAFlight" name="FlightData" time="11.343"/>
  <testcase classname="DataDriven.BookAFlight" name="LoginSuccessful" time="17.486"/>
  <testcase classname="DataDriven.BookAFlight" name="Registration" time="26.060"/>
  <testcase classname="DataDriven.BookAFlight" name="FlightRegistration" time="49.042"/>
</testsuite> <!-- DataDriven.BookAFlight -->
