<?xml version="1.0" encoding="UTF-8"?>
<!-- Generated by org.testng.reporters.JUnitReportReporter -->
<testsuite hostname="W1751816" name="com.cerner.idpmmd.rest.IDPMMDRest" tests="1" failures="0" timestamp="15 Nov 2019 09:43:54 GMT" time="7.079" errors="1">
  <testcase name="get1" time="7.079" classname="com.cerner.idpmmd.rest.IDPMMDRest">
    <error type="java.util.regex.PatternSyntaxException" message="Illegal repetition near index 42
window.addEventListener(&#039;load&#039;, function() {
        App.load(&#039;IdentityProviderRedirectPage&#039;
                                          ^">
      <![CDATA[java.util.regex.PatternSyntaxException: Illegal repetition near index 42
window.addEventListener('load', function() {
        App.load('IdentityProviderRedirectPage'
                                          ^
	at java.util.regex.Pattern.error(Unknown Source)
	at java.util.regex.Pattern.closure(Unknown Source)
	at java.util.regex.Pattern.sequence(Unknown Source)
	at java.util.regex.Pattern.expr(Unknown Source)
	at java.util.regex.Pattern.group0(Unknown Source)
	at java.util.regex.Pattern.sequence(Unknown Source)
	at java.util.regex.Pattern.expr(Unknown Source)
	at java.util.regex.Pattern.compile(Unknown Source)
	at java.util.regex.Pattern.<init>(Unknown Source)
	at java.util.regex.Pattern.compile(Unknown Source)
	at java.lang.String.replaceAll(Unknown Source)
	at com.cerner.idpmmd.rest.IDPMMDRest.get1(IDPMMDRest.java:100)
	at sun.reflect.NativeMethodAccessorImpl.invoke0(Native Method)
	at sun.reflect.NativeMethodAccessorImpl.invoke(Unknown Source)
	at sun.reflect.DelegatingMethodAccessorImpl.invoke(Unknown Source)
	at java.lang.reflect.Method.invoke(Unknown Source)
	at org.testng.internal.MethodInvocationHelper.invokeMethod(MethodInvocationHelper.java:86)
	at org.testng.internal.Invoker.invokeMethod(Invoker.java:643)
	at org.testng.internal.Invoker.invokeTestMethod(Invoker.java:820)
	at org.testng.internal.Invoker.invokeTestMethods(Invoker.java:1128)
	at org.testng.internal.TestMethodWorker.invokeTestMethods(TestMethodWorker.java:129)
	at org.testng.internal.TestMethodWorker.run(TestMethodWorker.java:112)
	at org.testng.TestRunner.privateRun(TestRunner.java:782)
	at org.testng.TestRunner.run(TestRunner.java:632)
	at org.testng.SuiteRunner.runTest(SuiteRunner.java:366)
	at org.testng.SuiteRunner.runSequentially(SuiteRunner.java:361)
	at org.testng.SuiteRunner.privateRun(SuiteRunner.java:319)
	at org.testng.SuiteRunner.run(SuiteRunner.java:268)
	at org.testng.SuiteRunnerWorker.runSuite(SuiteRunnerWorker.java:52)
	at org.testng.SuiteRunnerWorker.run(SuiteRunnerWorker.java:86)
	at org.testng.TestNG.runSuitesSequentially(TestNG.java:1244)
	at org.testng.TestNG.runSuitesLocally(TestNG.java:1169)
	at org.testng.TestNG.run(TestNG.java:1064)
	at org.testng.remote.AbstractRemoteTestNG.run(AbstractRemoteTestNG.java:115)
	at org.testng.remote.RemoteTestNG.initAndRun(RemoteTestNG.java:251)
	at org.testng.remote.RemoteTestNG.main(RemoteTestNG.java:77)
]]>
    </error>
  </testcase> <!-- get1 -->
</testsuite> <!-- com.cerner.idpmmd.rest.IDPMMDRest -->
